<?xml version="1.0" encoding="UTF-8"?>
<testsuite name="example.LegacyFullTextIndexTest" tests="1" skipped="0" failures="0" errors="0" timestamp="2016-01-29T21:31:33" hostname="rosemary.centurylink.net" time="6.102">
  <properties/>
  <testcase name="shouldAllowIndexingAndFindingANode" classname="example.LegacyFullTextIndexTest" time="6.102"/>
  <system-out><![CDATA[]]></system-out>
  <system-err><![CDATA[Jan 29, 2016 3:31:35 PM com.sun.jersey.server.impl.application.WebApplicationImpl _initiate
INFO: Initiating Jersey application, version 'Jersey: 1.19 02/11/2015 03:25 AM'
Jan 29, 2016 3:31:36 PM com.sun.jersey.server.impl.application.WebApplicationImpl _initiate
INFO: Initiating Jersey application, version 'Jersey: 1.19 02/11/2015 03:25 AM'
Jan 29, 2016 3:31:36 PM com.sun.jersey.server.impl.application.WebApplicationImpl _initiate
INFO: Initiating Jersey application, version 'Jersey: 1.19 02/11/2015 03:25 AM'
]]></system-err>
</testsuite>
